[     134ms] Error: Minified React error #425; visit https://reactjs.org/docs/error-decoder.html?invariant=425 for the full message or use the non-minified dev environment for full errors and additional helpful warnings.
    at rh (https://simkopdes.go.id/_next/static/chunks/framework-ca61ddea18729e27.js:1:40260)
    at https://simkopdes.go.id/_next/static/chunks/framework-ca61ddea18729e27.js:1:103480
    at oD (https://simkopdes.go.id/_next/static/chunks/framework-ca61ddea18729e27.js:1:106230)
    at oO (https://simkopdes.go.id/_next/static/chunks/framework-ca61ddea18729e27.js:1:99178)
    at https://simkopdes.go.id/_next/static/chunks/framework-ca61ddea18729e27.js:1:98985
    at oF (https://simkopdes.go.id/_next/static/chunks/framework-ca61ddea18729e27.js:1:98992)
    at oS (https://simkopdes.go.id/_next/static/chunks/framework-ca61ddea18729e27.js:1:94031)
    at x (https://simkopdes.go.id/_next/static/chunks/framework-ca61ddea18729e27.js:1:137529)
    at MessagePort.T (https://simkopdes.go.id/_next/static/chunks/framework-ca61ddea18729e27.js:1:138059)
[     135ms] Error: Minified React error #418; visit https://reactjs.org/docs/error-decoder.html?invariant=418 for the full message or use the non-minified dev environment for full errors and additional helpful warnings.
    at lg (https://simkopdes.go.id/_next/static/chunks/framework-ca61ddea18729e27.js:1:46556)
    at i (https://simkopdes.go.id/_next/static/chunks/framework-ca61ddea18729e27.js:1:121151)
    at oO (https://simkopdes.go.id/_next/static/chunks/framework-ca61ddea18729e27.js:1:99118)
    at https://simkopdes.go.id/_next/static/chunks/framework-ca61ddea18729e27.js:1:98985
    at oF (https://simkopdes.go.id/_next/static/chunks/framework-ca61ddea18729e27.js:1:98992)
    at oS (https://simkopdes.go.id/_next/static/chunks/framework-ca61ddea18729e27.js:1:94031)
    at x (https://simkopdes.go.id/_next/static/chunks/framework-ca61ddea18729e27.js:1:137529)
    at MessagePort.T (https://simkopdes.go.id/_next/static/chunks/framework-ca61ddea18729e27.js:1:138059)
[     135ms] Error: Minified React error #418; visit https://reactjs.org/docs/error-decoder.html?invariant=418 for the full message or use the non-minified dev environment for full errors and additional helpful warnings.
    at lg (https://simkopdes.go.id/_next/static/chunks/framework-ca61ddea18729e27.js:1:46556)
    at i (https://simkopdes.go.id/_next/static/chunks/framework-ca61ddea18729e27.js:1:121151)
    at oO (https://simkopdes.go.id/_next/static/chunks/framework-ca61ddea18729e27.js:1:99118)
    at https://simkopdes.go.id/_next/static/chunks/framework-ca61ddea18729e27.js:1:98985
    at oF (https://simkopdes.go.id/_next/static/chunks/framework-ca61ddea18729e27.js:1:98992)
    at oS (https://simkopdes.go.id/_next/static/chunks/framework-ca61ddea18729e27.js:1:94031)
    at x (https://simkopdes.go.id/_next/static/chunks/framework-ca61ddea18729e27.js:1:137529)
    at MessagePort.T (https://simkopdes.go.id/_next/static/chunks/framework-ca61ddea18729e27.js:1:138059)
[     135ms] Error: Minified React error #418; visit https://reactjs.org/docs/error-decoder.html?invariant=418 for the full message or use the non-minified dev environment for full errors and additional helpful warnings.
    at lg (https://simkopdes.go.id/_next/static/chunks/framework-ca61ddea18729e27.js:1:46556)
    at i (https://simkopdes.go.id/_next/static/chunks/framework-ca61ddea18729e27.js:1:121151)
    at oO (https://simkopdes.go.id/_next/static/chunks/framework-ca61ddea18729e27.js:1:99118)
    at https://simkopdes.go.id/_next/static/chunks/framework-ca61ddea18729e27.js:1:98985
    at oF (https://simkopdes.go.id/_next/static/chunks/framework-ca61ddea18729e27.js:1:98992)
    at oS (https://simkopdes.go.id/_next/static/chunks/framework-ca61ddea18729e27.js:1:94031)
    at x (https://simkopdes.go.id/_next/static/chunks/framework-ca61ddea18729e27.js:1:137529)
    at MessagePort.T (https://simkopdes.go.id/_next/static/chunks/framework-ca61ddea18729e27.js:1:138059)
[     135ms] Error: Minified React error #418; visit https://reactjs.org/docs/error-decoder.html?invariant=418 for the full message or use the non-minified dev environment for full errors and additional helpful warnings.
    at lg (https://simkopdes.go.id/_next/static/chunks/framework-ca61ddea18729e27.js:1:46556)
    at i (https://simkopdes.go.id/_next/static/chunks/framework-ca61ddea18729e27.js:1:121151)
    at oO (https://simkopdes.go.id/_next/static/chunks/framework-ca61ddea18729e27.js:1:99118)
    at https://simkopdes.go.id/_next/static/chunks/framework-ca61ddea18729e27.js:1:98985
    at oF (https://simkopdes.go.id/_next/static/chunks/framework-ca61ddea18729e27.js:1:98992)
    at oS (https://simkopdes.go.id/_next/static/chunks/framework-ca61ddea18729e27.js:1:94031)
    at x (https://simkopdes.go.id/_next/static/chunks/framework-ca61ddea18729e27.js:1:137529)
    at MessagePort.T (https://simkopdes.go.id/_next/static/chunks/framework-ca61ddea18729e27.js:1:138059)
[     135ms] Error: Minified React error #423; visit https://reactjs.org/docs/error-decoder.html?invariant=423 for the full message or use the non-minified dev environment for full errors and additional helpful warnings.
    at i (https://simkopdes.go.id/_next/static/chunks/framework-ca61ddea18729e27.js:1:120820)
    at oO (https://simkopdes.go.id/_next/static/chunks/framework-ca61ddea18729e27.js:1:99118)
    at https://simkopdes.go.id/_next/static/chunks/framework-ca61ddea18729e27.js:1:98985
    at oF (https://simkopdes.go.id/_next/static/chunks/framework-ca61ddea18729e27.js:1:98992)
    at ox (https://simkopdes.go.id/_next/static/chunks/framework-ca61ddea18729e27.js:1:95744)
    at oS (https://simkopdes.go.id/_next/static/chunks/framework-ca61ddea18729e27.js:1:94299)
    at x (https://simkopdes.go.id/_next/static/chunks/framework-ca61ddea18729e27.js:1:137529)
    at MessagePort.T (https://simkopdes.go.id/_next/static/chunks/framework-ca61ddea18729e27.js:1:138059)
